
w +$qSupported:multiprocess+;swbreak+;hwbreak+;qRelocInsn+;fork-events+;vfork-events+;exec-events+;vContSupported+;QThreadEvents+;no-resumed+;memory-tagging+#ec
r +$qXfer:memory-map:read+;qXfer:features:read+;vContSupported+;PacketSize=01c1#b6
w +$vMustReplyEmpty#3a
r +$#00
w +$Hg0#df
r +$E01#a6
w +$qXfer:features:read:target.xml:0,1bc#41
r +$m<?xml version="1.0"?>\n<!DOCTYPE feature SYSTEM "gdb-target.dtd">\n<target>\n<feature name="org.gnu.gdb.arm.m-profile">\n<reg name="r0" bitsize="32"/>\n<reg name="r1" bitsize="32"/>\n<reg name="r2" bitsize="32"/>\n<reg name="r3" bitsize="32"/>\n<reg name="r4" bitsize="32"/>\n<reg name="r5" bitsize="32"/>\n<reg name="r6" bitsize="32"/>\n<reg name="r7" bitsize="32"/>\n<reg name="r8" bitsize="32"/>\n<reg name="r9" bitsize="32"/>\n<reg name="r10" bitsize="32#5e
w +$qXfer:features:read:target.xml:1bc,1bc#07
r +$m"/>\n<reg name="r11" bitsize="32"/>\n<reg name="r12" bitsize="32"/>\n<reg name="sp" bitsize="32" type="data_ptr"/>\n<reg name="lr" bitsize="32" type="code_ptr"/>\n<reg name="pc" bitsize="32" type="code_ptr"/>\n<reg name="xpsr" bitsize="32" regnum="25"/>\n</feature>\n<feature name="org.gnu.gdb.arm.m-system">\n<reg name="msp" bitsize="32" regnum="26"/>\n<reg name="psp" bitsize="32" regnum="27"/>\n<reg name="primask" bitsize="32" regnum="28"/>\n<reg name=#aa
w +$qXfer:features:read:target.xml:378,1bc#b3
r +$m"basepri" bitsize="32" regnum="29"/>\n<reg name="faultmask" bitsize="32" regnum="30"/>\n<reg name="control" bitsize="32" regnum="31"/>\n</feature>\n<feature name="org.gnu.gdb.arm.vfp">\n<reg name="d0" bitsize="64" type="ieee_double"/>\n<reg name="d1" bitsize="64" type="ieee_double"/>\n<reg name="d2" bitsize="64" type="ieee_double"/>\n<reg name="d3" bitsize="64" type="ieee_double"/>\n<reg name="d4" bitsize="64" type="ieee_double"/>\n<reg name="d5" bit#33
w +$qXfer:features:read:target.xml:534,1bc#ad
r +$msize="64" type="ieee_double"/>\n<reg name="d6" bitsize="64" type="ieee_double"/>\n<reg name="d7" bitsize="64" type="ieee_double"/>\n<reg name="d8" bitsize="64" type="ieee_double"/>\n<reg name="d9" bitsize="64" type="ieee_double"/>\n<reg name="d10" bitsize="64" type="ieee_double"/>\n<reg name="d11" bitsize="64" type="ieee_double"/>\n<reg name="d12" bitsize="64" type="ieee_double"/>\n<reg name="d13" bitsize="64" type="ieee_double"/>\n<reg name="d14" b#56
w +$qXfer:features:read:target.xml:6f0,1bc#dd
r +$litsize="64" type="ieee_double"/>\n<reg name="d15" bitsize="64" type="ieee_double"/>\n<reg name="fpscr" bitsize="32" type="int" group="float"/>\n</feature>\n</target>\n#ce
w +$qTStatus#49
r +$#00
w +$?#3f
r +$T0207:00000000;0d:e8ff0020;0e:3b0e0008;0f:3a0e0008;#3e
w +$qfThreadInfo#bb
r +$#00
w +$qL11a0000000000000000#80
r +$#00
w +$Hc-1#09
r +$E01#a6
w +$qC#b4
r +$#00
w +$qAttached#8f
r +$#00
w +$qOffsets#4b
r +$#00
w +$g#67
r +$d30700000000002000000000b0000020e9030000d207000000000000000000000000000000000000000000000000000000020000e8ff00203b0e00083a0e000800000081c8ff00200000000000000000000000000000000000000000000000000000000000000000000000000000000000000000000000000000000000000000000000000000000000000000000000000000000000000000000000000000000000000000000000000000000000000000000000000000000000000000000000000000000000000000000000000000000000000000000000000000000000000000#34
w +$qL11a0000000000000000#80
r +$#00
w +$qXfer:memory-map:read::0,1bc#e0
r +$m<?xml version="1.0"?><!DOCTYPE memory-map PUBLIC "+//IDN gnu.org//DTD GDB Memory Map V1.0//EN" "http://sourceware.org/gdb/gdb-memory-map.dtd"><memory-map><memory type="flash" start="0x08000000" length="0x10000"> <property name="blocksize">0x4000</property></memory><memory type="flash" start="0x08010000" length="0x10000"> <property name="blocksize">0x10000</property></memory><memory type="flash" start="0x08020000" length="0xE0000"> <property#69
w +$qXfer:memory-map:read::1bc,1bc#a6
r +$m name="blocksize">0x20000</property></memory><memory type="flash" start="0x08100000" length="0x10000"> <property name="blocksize">0x4000</property></memory><memory type="flash" start="0x08110000" length="0x10000"> <property name="blocksize">0x10000</property></memory><memory type="flash" start="0x08120000" length="0xE0000"> <property name="blocksize">0x20000</property></memory><memory type="ram" start="0x20000000" length="0x1C000"> </memory#9a
w +$qXfer:memory-map:read::378,1bc#52
r +$l><memory type="ram" start="0x2001C000" length="0x4000"> </memory><memory type="ram" start="0x20020000" length="0x10000"> </memory></memory-map>#da
w +$m8000e3a,4#8e
r +$401ba042#ee
w +$m2000ffc0,40#1e
r +$b0000020f9ffffffd30700000000002000000000b0000020000200003b0e00083a0e000800000081c000000000080240000000006d040008ed0200086b560008#5e
w +$m800046c,4#62
r +$01224ff4#f9
w +$qSymbol::#5b
r +$#00
w +
c c
w $vCont?#49
r +$vCont;c;C;s;S;r#0f
w +$vCont;c#a8
r +<Timeout: 0 seconds>
w \x03
r $T0207:00000000;0d:e8ff0020;0e:3b0e0008;0f:140e0008;#0f
w +$g#67
r +$8f0000000020000001000000b0000020e90300008d13000000000000000000000000000000000000000000000000000000020000e8ff00203b0e0008140e000800000081c8ff00200000000000000000000000000000000000000000000000000000000000000000000000000000000000000000000000000000000000000000000000000000000000000000000000000000000000000000000000000000000000000000000000000000000000000000000000000000000000000000000000000000000000000000000000000000000000000000000000000000000000000000#09
w +$qL11a0000000000000000#80
r +$#00
w +$m8000e14,4#5f
r +$014b1868#ce
w +
c b Core/Src/main.c:103
w $m8000400,40#59
r +$0f23039302210491002305934ff480520692079303a800f0adfa20b915b05df804fbfff7b1fffff7afff00bf003802400070004008b500f0c7fcfff7a7fffff7#06
w +$m8000456,2#32
r +$0c4c#2a
w +
c c
w $Z1,8000456,2#7c
r +$OK#9a
w +$vCont;c#a8
r +<Timeout: 0 seconds>$T0507:00000000;0d:f8ff0020;0e:3b0e0008;0f:56040008;#e8
w +$g#67
r +$e90300000020000001000000c0000000000802400000000000000000000000000000000000000000000000000000000000020000f8ff00203b0e00085604000800000061d8ff00200000000000000000000000000000000000000000000000000000000000000000000000000000000000000000000000000000000000000000000000000000000000000000000000000000000000000000000000000000000000000000000000000000000000000000000000000000000000000000000000000000000000000000000000000000000000000000000000000000000000000000#6d
w +$qL11a0000000000000000#80
r +$#00
w +$z1,8000456,2#9c
r +$OK#9a
w +$m8000456,4#34
r +$0c4c0022#ee
w +
c c
w $vCont;s#b8
r +$T0507:00000000;0d:f8ff0020;0e:3b0e0008;0f:58040008;#ea
w +$g#67
r +$e90300000020000001000000c0000000000802400000000000000000000000000000000000000000000000000000000000020000f8ff00203b0e00085804000800000061d8ff00200000000000000000000000000000000000000000000000000000000000000000000000000000000000000000000000000000000000000000000000000000000000000000000000000000000000000000000000000000000000000000000000000000000000000000000000000000000000000000000000000000000000000000000000000000000000000000000000000000000000000000#6f
w +$Z1,8000456,2#7c
r +$OK#9a
w +$vCont;c#a8
r +<Timeout: 0 seconds>$T0507:00000000;0d:f8ff0020;0e:3b0e0008;0f:56040008;#e8
w +$g#67
r +$e90300000020000001000000c0000000000802400000000000000000000000000000000000000000000000000000000000020000f8ff00203b0e00085604000800000061d8ff00200000000000000000000000000000000000000000000000000000000000000000000000000000000000000000000000000000000000000000000000000000000000000000000000000000000000000000000000000000000000000000000000000000000000000000000000000000000000000000000000000000000000000000000000000000000000000000000000000000000000000000#6d
w +$qL11a0000000000000000#80
r +$#00
w +$z1,8000456,2#9c
r +$OK#9a
w +$m8000456,4#34
r +$0c4c0022#ee
w +
c c
w $vCont;s#b8
r +<Timeout: 0 seconds>$T0507:00000000;0d:f8ff0020;0e:3b0e0008;0f:58040008;#ea
w +$g#67
r +$e90300000020000001000000c0000000000802400000000000000000000000000000000000000000000000000000000000020000f8ff00203b0e00085804000800000061d8ff00200000000000000000000000000000000000000000000000000000000000000000000000000000000000000000000000000000000000000000000000000000000000000000000000000000000000000000000000000000000000000000000000000000000000000000000000000000000000000000000000000000000000000000000000000000000000000000000000000000000000000000#6f
w +$Z1,8000456,2#7c
r +$OK#9a
w +$vCont;c#a8
r +$T0507:00000000;0d:f8ff0020;0e:3b0e0008;0f:56040008;#e8
w +$g#67
r +$e90300000020000001000000c0000000000802400000000000000000000000000000000000000000000000000000000000020000f8ff00203b0e00085604000800000061d8ff00200000000000000000000000000000000000000000000000000000000000000000000000000000000000000000000000000000000000000000000000000000000000000000000000000000000000000000000000000000000000000000000000000000000000000000000000000000000000000000000000000000000000000000000000000000000000000000000000000000000000000000#6d
w +$qL11a0000000000000000#80
r +$#00
w +$z1,8000456,2#9c
r +$OK#9a
w +$m8000456,4#34
r +$0c4c0022#ee
w +
c c
w $vCont;s#b8
r +$T0507:00000000;0d:f8ff0020;0e:3b0e0008;0f:58040008;#ea
w +$g#67
r +$e90300000020000001000000c0000000000802400000000000000000000000000000000000000000000000000000000000020000f8ff00203b0e00085804000800000061d8ff00200000000000000000000000000000000000000000000000000000000000000000000000000000000000000000000000000000000000000000000000000000000000000000000000000000000000000000000000000000000000000000000000000000000000000000000000000000000000000000000000000000000000000000000000000000000000000000000000000000000000000000#6f
w +$Z1,8000456,2#7c
r +$OK#9a
w +$vCont;c#a8
r +<Timeout: 0 seconds>$T0507:00000000;0d:f8ff0020;0e:3b0e0008;0f:56040008;#e8
w +$g#67
r +$e90300000020000001000000c0000000000802400000000000000000000000000000000000000000000000000000000000020000f8ff00203b0e00085604000800000061d8ff00200000000000000000000000000000000000000000000000000000000000000000000000000000000000000000000000000000000000000000000000000000000000000000000000000000000000000000000000000000000000000000000000000000000000000000000000000000000000000000000000000000000000000000000000000000000000000000000000000000000000000000#6d
w +$qL11a0000000000000000#80
r +$#00
w +$z1,8000456,2#9c
r +$OK#9a
w +$m8000456,4#34
r +$0c4c0022#ee
w +
c c
w $vCont;s#b8
r +<Timeout: 0 seconds>$T0507:00000000;0d:f8ff0020;0e:3b0e0008;0f:58040008;#ea
w +$g#67
r +$e90300000020000001000000c0000000000802400000000000000000000000000000000000000000000000000000000000020000f8ff00203b0e00085804000800000061d8ff00200000000000000000000000000000000000000000000000000000000000000000000000000000000000000000000000000000000000000000000000000000000000000000000000000000000000000000000000000000000000000000000000000000000000000000000000000000000000000000000000000000000000000000000000000000000000000000000000000000000000000000#6f
w +$Z1,8000456,2#7c
r +$OK#9a
w +$vCont;c#a8
r +$T0507:00000000;0d:f8ff0020;0e:3b0e0008;0f:56040008;#e8
w +$g#67
r +$e90300000020000001000000c0000000000802400000000000000000000000000000000000000000000000000000000000020000f8ff00203b0e00085604000800000061d8ff00200000000000000000000000000000000000000000000000000000000000000000000000000000000000000000000000000000000000000000000000000000000000000000000000000000000000000000000000000000000000000000000000000000000000000000000000000000000000000000000000000000000000000000000000000000000000000000000000000000000000000000#6d
w +$qL11a0000000000000000#80
r +$#00
w +$z1,8000456,2#9c
r +$OK#9a
w +$m8000456,4#34
r +$0c4c0022#ee
w +
c c
w $vCont;s#b8
r +$T0507:00000000;0d:f8ff0020;0e:3b0e0008;0f:58040008;#ea
w +$g#67
r +$e90300000020000001000000c0000000000802400000000000000000000000000000000000000000000000000000000000020000f8ff00203b0e00085804000800000061d8ff00200000000000000000000000000000000000000000000000000000000000000000000000000000000000000000000000000000000000000000000000000000000000000000000000000000000000000000000000000000000000000000000000000000000000000000000000000000000000000000000000000000000000000000000000000000000000000000000000000000000000000000#6f
w +$Z1,8000456,2#7c
r +$OK#9a
w +$vCont;c#a8
r +<Timeout: 0 seconds>$T0507:00000000;0d:f8ff0020;0e:3b0e0008;0f:56040008;#e8
w +$g#67
r +$e90300000020000001000000c0000000000802400000000000000000000000000000000000000000000000000000000000020000f8ff00203b0e00085604000800000061d8ff00200000000000000000000000000000000000000000000000000000000000000000000000000000000000000000000000000000000000000000000000000000000000000000000000000000000000000000000000000000000000000000000000000000000000000000000000000000000000000000000000000000000000000000000000000000000000000000000000000000000000000000#6d
w +$qL11a0000000000000000#80
r +$#00
w +$z1,8000456,2#9c
r +$OK#9a
w +$m8000456,4#34
r +$0c4c0022#ee
w +
c s
w $m2000ffc0,40#1e
r +$b0000020f9ffffffe80300000020000001000000b0000020e90300000020000001000000c0000000000200003b0e00085604000800000061ed0200086b560008#f5
w +$vCont;s#b8
r +<Timeout: 0 seconds>$T0507:00000000;0d:f8ff0020;0e:3b0e0008;0f:58040008;#ea
w +$g#67
r +$e90300000020000001000000c0000000000802400000000000000000000000000000000000000000000000000000000000020000f8ff00203b0e00085804000800000061d8ff00200000000000000000000000000000000000000000000000000000000000000000000000000000000000000000000000000000000000000000000000000000000000000000000000000000000000000000000000000000000000000000000000000000000000000000000000000000000000000000000000000000000000000000000000000000000000000000000000000000000000000000#6f
w +$Z1,8000456,2#7c
r +$OK#9a
w +$vCont;r8000456,8000464:-1;c#e6
r +$T0507:00000000;0d:f8ff0020;0e:65040008;0f:9c0c0008;#ed
w +$g#67
r +$000802400020000000000000c0000000000802400000000000000000000000000000000000000000000000000000000000020000f8ff0020650400089c0c000800000061d8ff00200000000000000000000000000000000000000000000000000000000000000000000000000000000000000000000000000000000000000000000000000000000000000000000000000000000000000000000000000000000000000000000000000000000000000000000000000000000000000000000000000000000000000000000000000000000000000000000000000000000000000000#3e
w +$m8000c9c,4#94
r +$0ab18161#f4
w +$m8000464,4#33
r +$4ff47a70#33
w +$m2000ffc0,40#1e
r +$b0000020f9ffffffe80300000020000001000000b0000020000802400020000000000000c000000000020000650400089c0c000800000061ed0200086b560008#c6
w +$m8000c80,40#90
r +$5de703225be702b070bd704700380140003c014000380240000002400ab181617047090481617047002808db0901c9b200f1604000f5614080f80013704700f0#c4
w +$qL11a0000000000000000#80
r +$#00
w +$z1,8000456,2#9c
r +$OK#9a
w +$m8000c9c,4#94
r +$0ab18161#f4
w +$m8000464,4#33
r +$4ff47a70#33
w +
c s
w $Z1,8000456,2#7c
r +$OK#9a
w +$vCont;r8000c9c,8000c9e:-1;c#a9
r +$T0507:00000000;0d:f8ff0020;0e:65040008;0f:a20c0008;#e4
w +$g#67
r +$000802400020000000000000c0000000000802400000000000000000000000000000000000000000000000000000000000020000f8ff002065040008a20c000800000061d8ff00200000000000000000000000000000000000000000000000000000000000000000000000000000000000000000000000000000000000000000000000000000000000000000000000000000000000000000000000000000000000000000000000000000000000000000000000000000000000000000000000000000000000000000000000000000000000000000000000000000000000000000#35
w +$m8000ca2,4#8b
r +$09048161#9d
w +$qL11a0000000000000000#80
r +$#00
w +$z1,8000456,2#9c
r +$OK#9a
w +$m8000ca2,4#8b
r +$09048161#9d
w +
c s
w $Z1,8000456,2#7c
r +$OK#9a
w +$vCont;r8000ca2,8000ca4:-1;c#97
r +$T0507:00000000;0d:f8ff0020;0e:65040008;0f:a40c0008;#e6
w +$g#67
r +$000802400000002000000000c0000000000802400000000000000000000000000000000000000000000000000000000000020000f8ff002065040008a40c000800000001d8ff00200000000000000000000000000000000000000000000000000000000000000000000000000000000000000000000000000000000000000000000000000000000000000000000000000000000000000000000000000000000000000000000000000000000000000000000000000000000000000000000000000000000000000000000000000000000000000000000000000000000000000000#31
w +$m8000ca4,4#8d
r +$81617047#a2
w +$vCont;r8000ca4,8000ca6:-1;c#9b
r +<Timeout: 0 seconds>$T0507:00000000;0d:f8ff0020;0e:65040008;0f:a60c0008;#e8
w +$g#67
r +$000802400000002000000000c0000000000802400000000000000000000000000000000000000000000000000000000000020000f8ff002065040008a60c000800000001d8ff00200000000000000000000000000000000000000000000000000000000000000000000000000000000000000000000000000000000000000000000000000000000000000000000000000000000000000000000000000000000000000000000000000000000000000000000000000000000000000000000000000000000000000000000000000000000000000000000000000000000000000000#33
w +$m8000ca6,4#8f
r +$70470028#9c
w +$vCont;r8000ca6,8000ca8:-1;c#9f
r +$T0507:00000000;0d:f8ff0020;0e:65040008;0f:64040008;#8c
w +$g#67
r +$000802400000002000000000c0000000000802400000000000000000000000000000000000000000000000000000000000020000f8ff0020650400086404000800000001d8ff00200000000000000000000000000000000000000000000000000000000000000000000000000000000000000000000000000000000000000000000000000000000000000000000000000000000000000000000000000000000000000000000000000000000000000000000000000000000000000000000000000000000000000000000000000000000000000000000000000000000000000000#d7
w +$m8000464,4#33
r +$4ff47a70#33
w +$m2000ffc0,40#1e
r +$b0000020f9ffffffe80300000020000001000000b0000020000802400000002000000000c000000000020000650400086404000800000001ed0200086b560008#5f
w +$m800566a,4#67
r +$70470000#92
w +$m8005600,40#60
r +$fff793ffe6e72046fff795ffe2e72046fff7a1ffdee72046fff7b1ffdae72046fff7b7ffd6e70020d4e700207047002070470000dff834d00d480e490e4a0023#69
w +$m8005640,40#64
r +$02e0d458c4500433c4188c42f9d30b4a0b4c002301e013600432a242fbd3fbf7f3fb00f011f8faf7e5fe704700000120000000201c000020006b000820000020#45
w +$qL11a0000000000000000#80
r +$#00
w +$z1,8000456,2#9c
r +$OK#9a
w +$m8000464,4#33
r +$4ff47a70#33
w +
c s
w $Z1,8000456,2#7c
r +$OK#9a
w +$vCont;r8000464,800046c:-1;c#14
r +<Timeout: 0 seconds>$T0507:00000000;0d:f8ff0020;0e:6d040008;0f:200e0008;#e4
w +$g#67
r +$e80300000000002000000000c0000000000802400000000000000000000000000000000000000000000000000000000000020000f8ff00206d040008200e000800000001d8ff00200000000000000000000000000000000000000000000000000000000000000000000000000000000000000000000000000000000000000000000000000000000000000000000000000000000000000000000000000000000000000000000000000000000000000000000000000000000000000000000000000000000000000000000000000000000000000000000000000000000000000000#61
w +$m8000e20,4#5c
r +$38b50446#d0
w +$m800046c,4#62
r +$01224ff4#f9
w +$m2000ffc0,40#1e
r +$b0000020f9ffffffe80300000020000001000000b0000020e80300000000002000000000c0000000000200006d040008200e000800000001ed0200086b560008#e9
w +$m8000e00,40#8a
r +$034b1b780b441360704700bfb000002000000020014b1868704700bfb000002038b50446fff7f6ff0546b4f1ff3f02d0044b1b781c44fff7edff401ba042fad3#a5
w +$qL11a0000000000000000#80
r +$#00
w +$z1,8000456,2#9c
r +$OK#9a
w +$m8000e20,4#5c
r +$38b50446#d0
w +$m800046c,4#62
r +$01224ff4#f9
w +
c s
w $Z1,8000456,2#7c
r +$OK#9a
w +$vCont;r8000e20,8000e24:-1;c#3b
r +$T0507:00000000;0d:e8ff0020;0e:6d040008;0f:240e0008;#e7
w +$g#67
r +$e80300000000002000000000c0000000e80300000000000000000000000000000000000000000000000000000000000000020000e8ff00206d040008240e000800000001c8ff00200000000000000000000000000000000000000000000000000000000000000000000000000000000000000000000000000000000000000000000000000000000000000000000000000000000000000000000000000000000000000000000000000000000000000000000000000000000000000000000000000000000000000000000000000000000000000000000000000000000000000000#95
w +$m8000e24,4#60
r +$fff7f6ff#d1
w +$m2000ffc0,40#1e
r +$b0000020f9ffffffe80300000000002000000000c0000000000200006d040008240e000800000001c000000000080240000000006d040008ed0200086b560008#fd
w +$qL11a0000000000000000#80
r +$#00
w +$z1,8000456,2#9c
r +$OK#9a
w +$m8000e24,4#60
r +$fff7f6ff#d1
w +
c s
w $Z1,8000456,2#7c
r +$OK#9a
w +$vCont;r8000e24,8000e28:-1;c#43
r +$T0507:00000000;0d:e8ff0020;0e:290e0008;0f:140e0008;#e8
w +$g#67
r +$e80300000000002000000000c0000000e80300000000000000000000000000000000000000000000000000000000000000020000e8ff0020290e0008140e000800000001c8ff00200000000000000000000000000000000000000000000000000000000000000000000000000000000000000000000000000000000000000000000000000000000000000000000000000000000000000000000000000000000000000000000000000000000000000000000000000000000000000000000000000000000000000000000000000000000000000000000000000000000000000000#96
w +$m8000e14,4#5f
r +$014b1868#ce
w +$m8000e28,4#64
r +$0546b4f1#fc
w +$m2000ffc0,40#1e
r +$b0000020f9ffffffe80300000000002000000000c000000000020000290e0008140e000800000001c000000000080240000000006d040008ed0200086b560008#fe
w +$m8000e00,40#8a
r +$034b1b780b441360704700bfb000002000000020014b1868704700bfb000002038b50446fff7f6ff0546b4f1ff3f02d0044b1b781c44fff7edff401ba042fad3#a5
w +$m8000e1c,4#8e
r +$b0000020#b4
w +$qL11a0000000000000000#80
r +$#00
w +$z1,8000456,2#9c
r +$OK#9a
w +$m8000e14,4#5f
r +$014b1868#ce
w +
c s
w $Z1,8000456,2#7c
r +$OK#9a
w +$vCont;r8000e14,8000e18:-1;c#41
r +<Timeout: 0 seconds>$T0507:00000000;0d:e8ff0020;0e:290e0008;0f:180e0008;#ec
w +$g#67
r +$953e00000000002000000000b0000020e80300000000000000000000000000000000000000000000000000000000000000020000e8ff0020290e0008180e000800000001c8ff00200000000000000000000000000000000000000000000000000000000000000000000000000000000000000000000000000000000000000000000000000000000000000000000000000000000000000000000000000000000000000000000000000000000000000000000000000000000000000000000000000000000000000000000000000000000000000000000000000000000000000000#a1
w +$m8000e18,4#63
r +$704700bf#fa
w +$vCont;r8000e18,8000e20:-1;c#3e
r +$T0507:00000000;0d:e8ff0020;0e:290e0008;0f:280e0008;#ed
w +$g#67
r +$953e00000000002000000000b0000020e80300000000000000000000000000000000000000000000000000000000000000020000e8ff0020290e0008280e000800000001c8ff00200000000000000000000000000000000000000000000000000000000000000000000000000000000000000000000000000000000000000000000000000000000000000000000000000000000000000000000000000000000000000000000000000000000000000000000000000000000000000000000000000000000000000000000000000000000000000000000000000000000000000000#a2
w +$m8000e28,4#64
r +$0546b4f1#fc
w +$m2000ffc0,40#1e
r +$b0000020f9ffffff953e00000000002000000000b000002000020000290e0008280e000800000001c000000000080240000000006d040008ed0200086b560008#0a
w +$m800046c,4#62
r +$01224ff4#f9
w +$vCont;r8000e28,8000e2a:-1;c#70
r +$T0507:00000000;0d:e8ff0020;0e:290e0008;0f:2a0e0008;#16
w +$g#67
r +$953e00000000002000000000b0000020e8030000953e000000000000000000000000000000000000000000000000000000020000e8ff0020290e00082a0e000800000001c8ff00200000000000000000000000000000000000000000000000000000000000000000000000000000000000000000000000000000000000000000000000000000000000000000000000000000000000000000000000000000000000000000000000000000000000000000000000000000000000000000000000000000000000000000000000000000000000000000000000000000000000000000#11
w +$m8000e2a,4#8d
r +$b4f1ff3f#92
w +$m2000ffc0,40#1e
r +$b0000020f9ffffff953e00000000002000000000b000002000020000290e00082a0e000800000001c000000000080240000000006d040008ed0200086b560008#33
w +$qL11a0000000000000000#80
r +$#00
w +$z1,8000456,2#9c
r +$OK#9a
w +$m8000e2a,4#8d
r +$b4f1ff3f#92
w +$m800046c,4#62
r +$01224ff4#f9
w +
c s
w $Z1,8000456,2#7c
r +$OK#9a
w +$vCont;r8000e2a,8000e30:-1;c#69
r +$T0507:00000000;0d:e8ff0020;0e:290e0008;0f:300e0008;#e6
w +$g#67
r +$953e00000000002000000000b0000020e8030000953e000000000000000000000000000000000000000000000000000000020000e8ff0020290e0008300e000800000001c8ff00200000000000000000000000000000000000000000000000000000000000000000000000000000000000000000000000000000000000000000000000000000000000000000000000000000000000000000000000000000000000000000000000000000000000000000000000000000000000000000000000000000000000000000000000000000000000000000000000000000000000000000#e1
w +$m8000e30,4#5d
r +$044b1b78#fc
w +$m2000ffc0,40#1e
r +$b0000020f9ffffff953e00000000002000000000b000002000020000290e0008300e000800000001c000000000080240000000006d040008ed0200086b560008#03
w +$qL11a0000000000000000#80
r +$#00
w +$z1,8000456,2#9c
r +$OK#9a
w +$m8000e30,4#5d
r +$044b1b78#fc
w +
c bt
w $m800046c,4#62
r +$01224ff4#f9
w +$m800566a,4#67
r +$70470000#92
w +$m8005600,40#60
r +$fff793ffe6e72046fff795ffe2e72046fff7a1ffdee72046fff7b1ffdae72046fff7b7ffd6e70020d4e700207047002070470000dff834d00d480e490e4a0023#69
w +$m8005640,40#64
r +$02e0d458c4500433c4188c42f9d30b4a0b4c002301e013600432a242fbd3fbf7f3fb00f011f8faf7e5fe704700000120000000201c000020006b000820000020#45
w +
c bt full
c c
w $Z1,8000456,2#7c
r +$OK#9a
w +$vCont;c#a8
r +<Timeout: 0 seconds>$T0507:00000000;0d:f8ff0020;0e:3b0e0008;0f:56040008;#e8
w +$g#67
r +$e90300000020000001000000c0000000000802400000000000000000000000000000000000000000000000000000000000020000f8ff00203b0e00085604000800000061d8ff00200000000000000000000000000000000000000000000000000000000000000000000000000000000000000000000000000000000000000000000000000000000000000000000000000000000000000000000000000000000000000000000000000000000000000000000000000000000000000000000000000000000000000000000000000000000000000000000000000000000000000000#6d
w +$qL11a0000000000000000#80
r +$#00
w +$z1,8000456,2#9c
r +$OK#9a
w +$m8000456,4#34
r +$0c4c0022#ee
w +
c c
w $vCont;s#b8
r +$T0507:00000000;0d:f8ff0020;0e:3b0e0008;0f:58040008;#ea
w +$g#67
r +$e90300000020000001000000c0000000000802400000000000000000000000000000000000000000000000000000000000020000f8ff00203b0e00085804000800000061d8ff00200000000000000000000000000000000000000000000000000000000000000000000000000000000000000000000000000000000000000000000000000000000000000000000000000000000000000000000000000000000000000000000000000000000000000000000000000000000000000000000000000000000000000000000000000000000000000000000000000000000000000000#6f
w +$Z1,8000456,2#7c
r +$OK#9a
w +$vCont;c#a8
r +<Timeout: 0 seconds>$T0507:00000000;0d:f8ff0020;0e:3b0e0008;0f:56040008;#e8
w +$g#67
r +$e90300000020000001000000c0000000000802400000000000000000000000000000000000000000000000000000000000020000f8ff00203b0e00085604000800000061d8ff00200000000000000000000000000000000000000000000000000000000000000000000000000000000000000000000000000000000000000000000000000000000000000000000000000000000000000000000000000000000000000000000000000000000000000000000000000000000000000000000000000000000000000000000000000000000000000000000000000000000000000000#6d
w +$qL11a0000000000000000#80
r +$#00
w +$z1,8000456,2#9c
r +$OK#9a
w +$m8000456,4#34
r +$0c4c0022#ee
w +$vKill;a410#33$vKill;a410#33